<?xml version="1.0" encoding="UTF-8"?>
<!-- Generated by org.testng.reporters.JUnitReportReporter -->
<testsuite skipped="0" hostname="DESKTOP-N308L1J" name="test.AddCustomerTest" tests="1" failures="0" timestamp="17 Dec 2022 19:40:19 GMT" time="12.311" errors="0">
  <testcase name="validCustomerShouldBeAbleToCreateCustomer" time="12.311" classname="test.AddCustomerTest"/>
</testsuite> <!-- test.AddCustomerTest -->
